[2024-11-22 13:34:41] Function1 executed: Added 3.0 and 5.0 to get 8.0
[2024-11-22 13:34:51] Function2 executed: Extracted unique words from the sentence.
[2024-11-22 13:35:00] API Function executed: API Function failed due to invalid city or API error.
[2024-11-22 13:37:39] Function1 executed: Added 2.0 and 3.0 to get 5.0
[2024-11-22 13:45:13] API Function executed: API Function failed due to invalid city or API error.
[2024-11-22 13:45:41] API Function executed: API Function failed due to invalid city or API error.
[2024-11-22 13:46:12] API Function executed: API Function failed due to invalid city or API error.
[2024-11-22 13:50:28] API Function executed: API Function failed due to invalid city or API error.
[2024-11-22 13:53:08] API Function executed: API Function failed due to an exception.
[2024-11-22 13:53:38] API Function executed: None
[2024-11-22 13:54:48] API Function executed: API Function failed due to an exception.
[2024-11-22 13:54:58] API Function executed: API Function failed due to an exception.
[2024-11-22 13:55:09] API Function executed: API Function failed due to an exception.
[2024-11-22 13:55:55] API Function executed: API Function failed due to an exception.
[2024-11-22 13:56:38] API Function executed: API Function failed due to an exception.
[2024-11-22 13:56:55] API Function executed: API Function failed due to an exception.
[2024-11-22 13:57:03] API Function executed: API Function failed due to an exception.
[2024-11-22 13:57:21] API Function executed: True
[2024-11-22 13:58:18] Function1 executed: True
[2024-11-22 13:58:26] Function2 executed: True
[2024-11-22 13:58:48] API Function executed: True
[2024-11-22 13:58:54] API Function executed: True
[2024-11-22 13:59:51] API Function executed: True
[2024-11-22 13:59:57] API Function executed: True
[2024-11-22 14:06:53] Function1 executed: True
[2024-11-22 14:07:04] Function2 executed: True
[2024-11-22 14:07:17] API Function executed: True
